<?xml version="1.0" encoding="UTF-8"?>
<testsuite xmlns:xsi="http://www.w3.org/2001/XMLSchema-instance" xsi:noNamespaceSchemaLocation="https://maven.apache.org/surefire/maven-surefire-plugin/xsd/surefire-test-report-3.0.xsd" version="3.0" name="runner.RunnerCucumberTests" time="1.356" tests="1" errors="0" skipped="0" failures="0">
  <properties>
[...]
</properties>
  <testcase name="xxxx" classname="xxx" time="0.477">
    <system-out><![CDATA[
Scenario: xxxx &amp#27;[90m# src/test/resources/features/test.feature:4&amp#27;[0m
hello
  &amp#27;[32mGiven &amp#27;[0m&amp#27;[32mxxxx&amp#27;[0m   &amp#27;[90m# StepDef.testSteps.xxxx()&amp#27;[0m
]]></system-out>
    <system-err><![CDATA[SLF4J: Failed to load class "org.slf4j.impl.StaticLoggerBinder".
SLF4J: Defaulting to no-operation (NOP) logger implementation
SLF4J: See http://www.slf4j.org/codes.html#StaticLoggerBinder for further details.
]]></system-err>
  </testcase>
</testsuite>